c:\users\administrator\desktop\download_temp\计算机图形学程序源代码\debug\计算机图形学.pch
c:\users\administrator\desktop\download_temp\计算机图形学程序源代码\debug\vc140.pdb
c:\users\administrator\desktop\download_temp\计算机图形学程序源代码\debug\vc140.idb
c:\users\administrator\desktop\download_temp\计算机图形学程序源代码\debug\stdafx.obj
c:\users\administrator\desktop\download_temp\计算机图形学程序源代码\debug\mainfrm.obj
c:\users\administrator\desktop\download_temp\计算机图形学程序源代码\debug\matrix.obj
c:\users\administrator\desktop\download_temp\计算机图形学程序源代码\debug\matrix2.obj
c:\users\administrator\desktop\download_temp\计算机图形学程序源代码\debug\计算机图形学.obj
c:\users\administrator\desktop\download_temp\计算机图形学程序源代码\debug\计算机图形学doc.obj
c:\users\administrator\desktop\download_temp\计算机图形学程序源代码\debug\计算机图形学view.obj
c:\users\administrator\desktop\download_temp\计算机图形学程序源代码\debug\计算机图形学.ilk
c:\users\administrator\desktop\download_temp\计算机图形学程序源代码\debug\计算机图形学.exe
c:\users\administrator\desktop\download_temp\计算机图形学程序源代码\debug\计算机图形学.pdb
c:\users\administrator\desktop\download_temp\计算机图形学程序源代码\debug\计算机图形学.res
c:\users\administrator\desktop\download_temp\计算机图形学程序源代码\.\debug\计算机图形学.exe
c:\users\administrator\desktop\download_temp\计算机图形学程序源代码\debug\计算机图形学.tlog\cl.command.1.tlog
c:\users\administrator\desktop\download_temp\计算机图形学程序源代码\debug\计算机图形学.tlog\cl.read.1.tlog
c:\users\administrator\desktop\download_temp\计算机图形学程序源代码\debug\计算机图形学.tlog\cl.write.1.tlog
c:\users\administrator\desktop\download_temp\计算机图形学程序源代码\debug\计算机图形学.tlog\link.command.1.tlog
c:\users\administrator\desktop\download_temp\计算机图形学程序源代码\debug\计算机图形学.tlog\link.read.1.tlog
c:\users\administrator\desktop\download_temp\计算机图形学程序源代码\debug\计算机图形学.tlog\link.write.1.tlog
c:\users\administrator\desktop\download_temp\计算机图形学程序源代码\debug\计算机图形学.tlog\rc.command.1.tlog
c:\users\administrator\desktop\download_temp\计算机图形学程序源代码\debug\计算机图形学.tlog\rc.read.1.tlog
c:\users\administrator\desktop\download_temp\计算机图形学程序源代码\debug\计算机图形学.tlog\rc.write.1.tlog
